.
----------------------------------------------------------------------
Ran 1 test in 0.000s

OK
.
----------------------------------------------------------------------
Ran 1 test in 0.000s

OK
.
----------------------------------------------------------------------
Ran 1 test in 0.000s

OK
.
----------------------------------------------------------------------
Ran 1 test in 0.000s

OK
.
----------------------------------------------------------------------
Ran 1 test in 0.000s

OK
.
----------------------------------------------------------------------
Ran 1 test in 0.000s

OK
.
----------------------------------------------------------------------
Ran 1 test in 0.000s

OK
.
----------------------------------------------------------------------
Ran 1 test in 0.000s

OK
.
----------------------------------------------------------------------
Ran 1 test in 0.000s

OK
.
----------------------------------------------------------------------
Ran 1 test in 0.000s

OK
.
----------------------------------------------------------------------
Ran 1 test in 0.000s

OK
.
----------------------------------------------------------------------
Ran 1 test in 0.000s

OK
F
======================================================================
FAIL: test_07_update_02 (hw01_perceptron.hidden_test_perceptron.PerceptronClassifierTest)
Verify that the perceptron update is performed correctly.
----------------------------------------------------------------------
Traceback (most recent call last):
  File .../tmp_repositories/abgabe/hw01_perceptron/The_butterflies/src/hw01_perceptron/hidden_test_perceptron.py", line 102, in test_07_update_02
    self.assertEqual(classifier.weights, expected_weigths)
AssertionError: {'deal': 1, 'lottery': -1} != {'deal': 1, 'lottery': 0}
- {'deal': 1, 'lottery': -1}
?                        ^^

+ {'deal': 1, 'lottery': 0}
?                        ^


----------------------------------------------------------------------
Ran 1 test in 0.001s

FAILED (failures=1)
.
----------------------------------------------------------------------
Ran 1 test in 0.000s

OK
